31bool(false)
31bool(false)
31bool(false)
31bool(false)
31bool(false)
31bool(false)
31bool(false)
31bool(false)
31bool(false)
31bool(false)
31bool(false)
31bool(false)
31bool(false)
31bool(false)
31bool(false)
31bool(false)
31bool(false)
31bool(false)
31bool(false)
31bool(false)
31bool(false)
31bool(false)
31bool(false)
31bool(false)
31bool(false)
31bool(false)
31bool(false)
31bool(false)
31bool(false)
31bool(false)
31bool(false)
31bool(false)
31bool(false)
31bool(false)
31bool(false)
31bool(false)
31bool(false)
31bool(false)
31bool(false)
31bool(false)
31bool(false)
31bool(false)
31bool(false)
31bool(false)
31bool(false)
31bool(false)
31bool(false)
31bool(false)
31bool(false)
31bool(false)
31bool(false)
31bool(false)
31bool(false)
31bool(false)
31bool(false)
31bool(false)
31bool(false)
31bool(false)
31bool(false)
31bool(false)
31bool(false)
31bool(false)
31bool(false)
31bool(false)
31bool(false)
31bool(false)
31bool(false)
31bool(false)
31bool(false)
31bool(false)
31bool(false)
31incldinclude configconfig aftertraceint(1)
ctr dbconn<br> Session DB :trace2trace3de31incldinclude configconfig aftertraceint(1)
ctr dbconn<br> Session DB :trace2trace3de31incldinclude configconfig aftertraceint(1)
ctr dbconn<br> Session DB :trace2trace3de31incldinclude configconfig aftertraceint(1)
ctr dbconn<br> Session DB :trace2trace3de31incldinclude configconfig aftertraceint(1)
ctr dbconn<br> Session DB :trace2trace3de31incldinclude configconfig aftertraceint(1)
ctr dbconn<br> Session DB :trace2trace3de31incldinclude configconfig aftertraceint(1)
ctr dbconn<br> Session DB :trace2trace3de31incldinclude configconfig aftertraceint(1)
ctr dbconn<br> Session DB :trace2trace3de31incldinclude configconfig aftertraceint(1)
ctr dbconn<br> Session DB :trace2trace3de31incldinclude configconfig aftertraceint(1)
ctr dbconn<br> Session DB :trace2trace3de31incldinclude configconfig aftertraceint(1)
ctr dbconn<br> Session DB :trace2trace3de31incldinclude configconfig aftertraceint(1)
ctr dbconn<br> Session DB :trace2trace3de31incldinclude configconfig aftertraceint(1)
ctr dbconn<br> Session DB :trace2trace3de31incldinclude configconfig aftertraceint(1)
ctr dbconn<br> Session DB :trace2trace3de31incldinclude configconfig aftertraceint(1)
ctr dbconn<br> Session DB :trace2trace3de31incldinclude configconfig aftertraceint(1)
ctr dbconn<br> Session DB :trace2trace3de31incldinclude configconfig aftertraceint(1)
ctr dbconn<br> Session DB :trace2trace3de31incldinclude configconfig aftertraceint(1)
ctr dbconn<br> Session DB :trace2trace3de31incldinclude configconfig aftertraceint(1)
ctr dbconn<br> Session DB :trace2trace3de31incldinclude configconfig aftertraceint(1)
ctr dbconn<br> Session DB :trace2trace3de31incldinclude configconfig aftertraceint(1)
ctr dbconn<br> Session DB :trace2trace3de31incldinclude configconfig aftertraceint(1)
ctr dbconn<br> Session DB :trace2trace3de31incldinclude configconfig aftertraceint(1)
ctr dbconn<br> Session DB :trace2trace3de31incldinclude configconfig aftertraceint(1)
ctr dbconn<br> Session DB :trace2trace3de31incldinclude configconfig aftertraceint(1)
ctr dbconn<br> Session DB :trace2trace3de31incldinclude configconfig aftertraceint(1)
ctr dbconn<br> Session DB :trace2trace3de31incldinclude configconfig aftertraceint(1)
ctr dbconn<br> Session DB :trace2trace3de31incldinclude configconfig aftertraceint(1)
ctr dbconn<br> Session DB :trace2trace3de31incldinclude configconfig aftertraceint(1)
ctr dbconn<br> Session DB :trace2trace3de31incldinclude configconfig aftertraceint(1)
ctr dbconn<br> Session DB :trace2trace3de31incldinclude configconfig aftertraceint(1)
ctr dbconn<br> Session DB :trace2trace3de31incldinclude configconfig aftertraceint(1)
ctr dbconn<br> Session DB :trace2trace3de31incldinclude configconfig aftertraceint(1)
ctr dbconn<br> Session DB :trace2trace3de31incldinclude configconfig aftertraceint(1)
ctr dbconn<br> Session DB :trace2trace3de31incldinclude configconfig aftertraceint(1)
ctr dbconn<br> Session DB :trace2trace3de31incldinclude configconfig aftertraceint(1)
ctr dbconn<br> Session DB :trace2trace3de31incldinclude configconfig aftertraceint(1)
ctr dbconn<br> Session DB :trace2trace3de31incldinclude configconfig aftertraceint(1)
ctr dbconn<br> Session DB :trace2trace3de31incldinclude configconfig aftertraceint(1)
ctr dbconn<br> Session DB :trace2trace3de31incldinclude configconfig aftertraceint(1)
ctr dbconn<br> Session DB :trace2trace3de31incldinclude configconfig aftertraceint(1)
ctr dbconn<br> Session DB :trace2trace3de31incldinclude configconfig aftertraceint(1)
ctr dbconn<br> Session DB :trace2trace3de31incldinclude configconfig aftertraceint(1)
ctr dbconn<br> Session DB :trace2trace3de31incldinclude configconfig aftertraceint(1)
ctr dbconn<br> Session DB :trace2trace3de31incldinclude configconfig aftertraceint(1)
ctr dbconn<br> Session DB :trace2trace3de31incldinclude configconfig aftertraceint(1)
ctr dbconn<br> Session DB :trace2trace3de31incldinclude configconfig aftertraceint(1)
ctr dbconn<br> Session DB :trace2trace3de31incldinclude configconfig aftertraceint(1)
ctr dbconn<br> Session DB :trace2trace3de31incldinclude configconfig aftertraceint(1)
ctr dbconn<br> Session DB :trace2trace3de31incldinclude configconfig aftertraceint(1)
ctr dbconn<br> Session DB :trace2trace3de31incldinclude configconfig aftertraceint(1)
ctr dbconn<br> Session DB :trace2trace3de31incldinclude configconfig aftertraceint(1)
ctr dbconn<br> Session DB :trace2trace3de31incldinclude configconfig aftertraceint(1)
ctr dbconn<br> Session DB :trace2trace3de31incldinclude configconfig aftertraceint(1)
ctr dbconn<br> Session DB :trace2trace3de31incldinclude configconfig aftertraceint(1)
ctr dbconn<br> Session DB :trace2trace3de31incldinclude configconfig aftertraceint(1)
ctr dbconn<br> Session DB :trace2trace3de31incldinclude configconfig aftertraceint(1)
ctr dbconn<br> Session DB :trace2trace3de31incldinclude configconfig aftertraceint(1)
ctr dbconn<br> Session DB :trace2trace3de31incldinclude configconfig aftertraceint(1)
ctr dbconn<br> Session DB :trace2trace3de31incldinclude configconfig aftertraceint(1)
ctr dbconn<br> Session DB :trace2trace3de31incldinclude configconfig aftertraceint(1)
ctr dbconn<br> Session DB :trace2trace3de31incldinclude configconfig aftertraceint(1)
ctr dbconn<br> Session DB :trace2trace3de31incldinclude configconfig aftertraceint(1)
ctr dbconn<br> Session DB :trace2trace3de31incldinclude configconfig aftertraceint(1)
ctr dbconn<br> Session DB :trace2trace3de31incldinclude configconfig aftertraceint(1)
ctr dbconn<br> Session DB :trace2trace3de31incldinclude configconfig aftertraceint(1)
ctr dbconn<br> Session DB :trace2trace3de31incldinclude configconfig aftertraceint(1)
ctr dbconn<br> Session DB :trace2trace3de31incldinclude configconfig aftertraceint(1)
ctr dbconn<br> Session DB :trace2trace3de31incldinclude configconfig aftertraceint(1)
ctr dbconn<br> Session DB :trace2trace3de31incldinclude configconfig aftertraceint(1)
ctr dbconn<br> Session DB :trace2trace3de31incldinclude configconfig aftertraceint(1)
ctr dbconn<br> Session DB :trace2trace3de31incldinclude configconfig aftertraceint(1)
ctr dbconn<br> Session DB :trace2trace3de31incldinclude configconfig aftertraceint(1)
ctr dbconn<br> Session DB :trace2trace3de31/var/www/html/seperatedbincldinclude configconfig aftertraceint(1)
ctr dbconn<br> Session DB :trace2trace3de31/var/www/html/seperatedbincldinclude configconfig aftertraceint(1)
ctr dbconn<br> Session DB :trace2trace3de31/var/www/html/seperatedbincldinclude configconfig aftertraceint(1)
ctr dbconn<br> Session DB :trace2trace3de31/var/www/html/seperatedbincldinclude configconfig aftertraceint(1)
ctr dbconn<br> Session DB :trace2trace3de31/var/www/html/seperatedbincldinclude configconfig aftertraceint(1)
ctr dbconn<br> Session DB :trace2trace3de31/var/www/html/seperatedbincldinclude configconfig aftertraceint(1)
ctr dbconn<br> Session DB :trace2trace3de31/var/www/html/seperatedbincldinclude configconfig aftertraceint(1)
ctr dbconn<br> Session DB :trace2trace3de31/var/www/html/seperatedbincldinclude configconfig aftertraceint(1)
ctr dbconn<br> Session DB :trace2trace3de31/var/www/html/seperatedbincldinclude configconfig aftertraceint(1)
ctr dbconn<br> Session DB :trace2trace3de31/var/www/html/seperatedbincldinclude configconfig aftertraceint(1)
ctr dbconn<br> Session DB :trace2trace3de31/var/www/html/seperatedbincldinclude configconfig aftertraceint(1)
ctr dbconn<br> Session DB :trace2trace3de31/var/www/html/seperatedbincldinclude configconfig aftertraceint(1)
ctr dbconn<br> Session DB :trace2trace3de31/var/www/html/seperatedbincldinclude configconfig aftertraceint(1)
ctr dbconn<br> Session DB :trace2trace3de31/var/www/html/seperatedbincldinclude configconfig aftertraceint(1)
ctr dbconn<br> Session DB :trace2trace3de31/var/www/html/seperatedbincldinclude configconfig aftertraceint(1)
ctr dbconn<br> Session DB :trace2trace3de31/var/www/html/seperatedbincldinclude configconfig aftertraceint(1)
ctr dbconn<br> Session DB :trace2trace3de31/var/www/html/seperatedbincldinclude configconfig aftertraceint(1)
ctr dbconn<br> Session DB :trace2trace3de31/var/www/html/seperatedbincldinclude configconfig aftertraceint(1)
ctr dbconn<br> Session DB :trace2trace3de31/var/www/html/seperatedbincldinclude configconfig aftertraceint(1)
ctr dbconn<br> Session DB :trace2trace3de31/var/www/html/seperatedbincldinclude configconfig aftertraceint(1)
ctr dbconn<br> Session DB :trace2trace3de31/var/www/html/seperatedbincldinclude configconfig aftertraceint(1)
ctr dbconn<br> Session DB :trace2trace3de31/var/www/html/seperatedbincldinclude configconfig aftertraceint(1)
ctr dbconn<br> Session DB :trace2trace3de31/var/www/html/seperatedbincldinclude configconfig aftertraceint(1)
ctr dbconn<br> Session DB :trace2trace3de31/var/www/html/seperatedbincldinclude configconfig aftertraceint(1)
ctr dbconn<br> Session DB :trace2trace3de31/var/www/html/seperatedbincldinclude configconfig aftertraceint(1)
ctr dbconn<br> Session DB :trace2trace3de31/var/www/html/seperatedbincldinclude configconfig aftertraceint(1)
ctr dbconn<br> Session DB :trace2trace3de31/var/www/html/seperatedbincldinclude configconfig aftertraceint(1)
ctr dbconn<br> Session DB :trace2trace3de31/var/www/html/seperatedbincldinclude configconfig aftertraceint(1)
ctr dbconn<br> Session DB :trace2trace3de31/var/www/html/seperatedbincldinclude configconfig aftertraceint(1)
ctr dbconn<br> Session DB :trace2trace3de31/var/www/html/seperatedbincldinclude configconfig aftertraceint(1)
ctr dbconn<br> Session DB :trace2trace3de31/var/www/html/seperatedbincldinclude configconfig aftertraceint(1)
ctr dbconn<br> Session DB :trace2trace3de31/var/www/html/seperatedbincldinclude configconfig aftertraceint(1)
ctr dbconn<br> Session DB :trace2trace3de31/var/www/html/seperatedbincldinclude configconfig aftertraceint(1)
ctr dbconn<br> Session DB :trace2trace3de31/var/www/html/seperatedbincldinclude configconfig aftertraceint(1)
ctr dbconn<br> Session DB :trace2trace3de31/var/www/html/seperatedbincldinclude configconfig aftertraceint(1)
ctr dbconn<br> Session DB :trace2trace3de31/var/www/html/seperatedbincldinclude configconfig aftertraceint(1)
ctr dbconn<br> Session DB :trace2trace3de31/var/www/html/seperatedbincldinclude configconfig aftertraceint(1)
ctr dbconn<br> Session DB :trace2trace3de31/var/www/html/seperatedbincldinclude configconfig aftertraceint(1)
ctr dbconn<br> Session DB :trace2trace3de31/var/www/html/seperatedbincldinclude configconfig aftertraceint(1)
ctr dbconn<br> Session DB :trace2trace3de31/var/www/html/seperatedbincldinclude configconfig aftertraceint(1)
ctr dbconn<br> Session DB :trace2trace3de31/var/www/html/seperatedbincldinclude configconfig aftertraceint(1)
ctr dbconn<br> Session DB :trace2trace3de31/var/www/html/seperatedbincldinclude configconfig aftertraceint(1)
ctr dbconn<br> Session DB :trace2trace3de31/var/www/html/seperatedbincldinclude configconfig aftertraceint(1)
ctr dbconn<br> Session DB :trace2trace3de31/var/www/html/seperatedbincldinclude configconfig aftertraceint(1)
ctr dbconn<br> Session DB :trace2trace3de31/var/www/html/seperatedbincldinclude configconfig aftertraceint(1)
ctr dbconn<br> Session DB :trace2trace3de31/var/www/html/seperatedbincldinclude configconfig aftertraceint(1)
ctr dbconn<br> Session DB :trace2trace3de31/var/www/html/seperatedbincldinclude configconfig aftertraceint(1)
ctr dbconn<br> Session DB :trace2trace3de31/var/www/html/seperatedbincldinclude configconfig aftertraceint(1)
ctr dbconn<br> Session DB :trace2trace3de31/var/www/html/seperatedbincldinclude configconfig aftertraceint(1)
ctr dbconn<br> Session DB :trace2trace3de31/var/www/html/seperatedbincldinclude configconfig aftertraceint(1)
ctr dbconn<br> Session DB :trace2trace3de31/var/www/html/seperatedbincldinclude configconfig aftertraceint(1)
ctr dbconn<br> Session DB :trace2trace3de31/var/www/html/seperatedbincldinclude configconfig aftertraceint(1)
ctr dbconn<br> Session DB :trace2trace3de31/var/www/html/seperatedbincldinclude configconfig aftertraceint(1)
ctr dbconn<br> Session DB :trace2trace3de31/var/www/html/seperatedbincldinclude configconfig aftertraceint(1)
ctr dbconn<br> Session DB :trace2trace3de31/var/www/html/seperatedbincldinclude configconfig aftertraceint(1)
ctr dbconn<br> Session DB :trace2trace3de31/var/www/html/seperatedbincldinclude configconfig aftertraceint(1)
ctr dbconn<br> Session DB :trace2trace3de31/var/www/html/seperatedbincldinclude configconfig aftertraceint(1)
ctr dbconn<br> Session DB :trace2trace3de31/var/www/html/seperatedbincldinclude configconfig aftertraceint(1)
ctr dbconn<br> Session DB :trace2trace3de31/var/www/html/seperatedbincldinclude configconfig aftertraceint(1)
ctr dbconn<br> Session DB :trace2trace3de31/var/www/html/seperatedbincldinclude configconfig aftertraceint(1)
ctr dbconn<br> Session DB :trace2trace3de31/var/www/html/seperatedbincldinclude configconfig aftertraceint(1)
ctr dbconn<br> Session DB :trace2trace3de31/var/www/html/seperatedbincldinclude configconfig aftertraceint(1)
ctr dbconn<br> Session DB :trace2trace3de31/var/www/html/seperatedbincldinclude configconfig aftertraceint(1)
ctr dbconn<br> Session DB :trace2trace3de31/var/www/html/seperatedbincldinclude configconfig aftertraceint(1)
ctr dbconn<br> Session DB :trace2trace3de31/var/www/html/seperatedbincldinclude configconfig aftertraceint(1)
ctr dbconn<br> Session DB :trace2trace3de31/var/www/html/seperatedbincldinclude configconfig aftertraceint(1)
ctr dbconn<br> Session DB :trace2trace3de31/var/www/html/seperatedbincldinclude configconfig aftertraceint(1)
ctr dbconn<br> Session DB :trace2trace3de31/var/www/html/seperatedbincldinclude configconfig aftertraceint(1)
ctr dbconn<br> Session DB :trace2trace3de31/var/www/html/seperatedbincldinclude configconfig aftertraceint(1)
ctr dbconn<br> Session DB :trace2trace3de31/var/www/html/seperatedbincldinclude configconfig aftertraceint(1)
ctr dbconn<br> Session DB :trace2trace3de31/var/www/html/seperatedbincldinclude configconfig aftertraceint(1)
ctr dbconn<br> Session DB :trace2trace3de31/var/www/html/seperatedbincldinclude configconfig aftertraceint(1)
ctr dbconn<br> Session DB :trace2trace3de31/var/www/html/seperatedbincldinclude configconfig aftertraceint(1)
ctr dbconn<br> Session DB :trace2trace3de31/var/www/html/seperatedbincldinclude configconfig aftertraceint(1)
ctr dbconn<br> Session DB :trace2trace3de31/var/www/html/seperatedbincldinclude configconfig aftertraceint(1)
ctr dbconn<br> Session DB :trace2trace3de31/var/www/html/seperatedbincldinclude configconfig aftertraceint(1)
ctr dbconn<br> Session DB :trace2trace3de31/var/www/html/seperatedbincldinclude configconfig aftertraceint(1)
ctr dbconn<br> Session DB :trace2trace3de31/var/www/html/seperatedbincldinclude configconfig aftertraceint(1)
ctr dbconn<br> Session DB :trace2trace3de31/var/www/html/seperatedbincldinclude configconfig aftertraceint(1)
ctr dbconn<br> Session DB :trace2trace3de31/var/www/html/seperatedbincldinclude configconfig aftertraceint(1)
ctr dbconn<br> Session DB :trace2trace3de31/var/www/html/seperatedbincldinclude configconfig aftertraceint(1)
ctr dbconn<br> Session DB :trace2trace3de31/var/www/html/seperatedbincldinclude configconfig aftertraceint(1)
ctr dbconn<br> Session DB :trace2trace3de31/var/www/html/seperatedbincldinclude configconfig aftertraceint(1)
ctr dbconn<br> Session DB :trace2trace3de31/var/www/html/seperatedbincldinclude configconfig aftertraceint(1)
ctr dbconn<br> Session DB :trace2trace3de31/var/www/html/seperatedbincldinclude configconfig aftertraceint(1)
ctr dbconn<br> Session DB :trace2trace3de31/var/www/html/seperatedbincldinclude configconfig aftertraceint(1)
ctr dbconn<br> Session DB :trace2trace3de31/var/www/html/seperatedbincldinclude configconfig aftertraceint(1)
ctr dbconn<br> Session DB :trace2trace3de31/var/www/html/seperatedbincldinclude configconfig aftertraceint(1)
ctr dbconn<br> Session DB :trace2trace3de31/var/www/html/seperatedbincldinclude configconfig aftertraceint(1)
ctr dbconn<br> Session DB :trace2trace3de31/var/www/html/seperatedbincldinclude configconfig aftertraceint(1)
ctr dbconn<br> Session DB :trace2trace3de31/var/www/html/seperatedbincldinclude configconfig aftertraceint(1)
ctr dbconn<br> Session DB :trace2trace3de31/var/www/html/seperatedbincldinclude configconfig aftertraceint(1)
ctr dbconn<br> Session DB :trace2trace3de31/var/www/html/seperatedbincldinclude configconfig aftertraceint(1)
ctr dbconn<br> Session DB :trace2trace3de31/var/www/html/seperatedbincldinclude configconfig aftertraceint(1)
ctr dbconn<br> Session DB :trace2trace3de31/var/www/html/seperatedbincldinclude configconfig aftertraceint(1)
ctr dbconn<br> Session DB :trace2trace3de31/var/www/html/seperatedbincldinclude configconfig aftertraceint(1)
ctr dbconn<br> Session DB :trace2trace3de31/var/www/html/seperatedbnew2incldinclude configconfig aftertraceint(1)
ctr dbconn<br> Session DB :trace2trace3de31/var/www/html/seperatedbnew2incldinclude configconfig aftertraceint(1)
ctr dbconn<br> Session DB :trace2trace3de31/var/www/html/seperatedbnew2incldinclude configconfig aftertraceint(1)
ctr dbconn<br> Session DB :trace2trace3de31/var/www/html/seperatedbnew2incldinclude configconfig aftertraceint(1)
ctr dbconn<br> Session DB :trace2trace3de31/var/www/html/seperatedbnew2incldinclude configconfig aftertraceint(1)
ctr dbconn<br> Session DB :trace2trace3de31/var/www/html/seperatedbnew2incldinclude configconfig aftertraceint(1)
ctr dbconn<br> Session DB :trace2trace3de31/var/www/html/seperatedb31/var/www/html/seperatedb31/var/www/html/seperatedb31/var/www/html/seperatedb31/var/www/html/seperatedb31/var/www/html/seperatedb31/var/www/html/seperatedb31/var/www/html/seperatedb31/var/www/html/seperatedb31/var/www/html/seperatedb31/var/www/html/seperatedb31/var/www/html/seperatedb31/var/www/html/seperatedb31/var/www/html/seperatedb31/var/www/html/seperatedb31/var/www/html/seperatedb31/var/www/html/seperatedb31/var/www/html/seperatedb31/var/www/html/seperatedb31/var/www/html/seperatedb31/var/www/html/seperatedb31/var/www/html/seperatedb31/var/www/html/seperatedb31/var/www/html/seperatedb31/var/www/html/seperatedb31/var/www/html/seperatedb31/var/www/html/seperatedb31/var/www/html/seperatedb31/var/www/html/seperatedb31/var/www/html/seperatedb31/var/www/html/seperatedb31/var/www/html/seperatedb31/var/www/html/seperatedb31/var/www/html/seperatedb